<?xml version="1.0" encoding="UTF-8"?>
<coverage generated="1779223215416" clover="3.2.0">
  <project timestamp="1779223215416" name="All files">
    <metrics statements="180" coveredstatements="172" conditionals="91" coveredconditionals="70" methods="34" coveredmethods="32" elements="305" coveredelements="274" complexity="0" loc="180" ncloc="180" packages="1" files="3" classes="3"/>
    <file name="hooks.ts" path="/Users/hugh/repo/react-native-litert-lm/src/hooks.ts">
      <metrics statements="72" coveredstatements="67" conditionals="44" coveredconditionals="28" methods="14" coveredmethods="14"/>
      <line num="1" count="1" type="stmt"/>
      <line num="3" count="1" type="stmt"/>
      <line num="55" count="1" type="cond" truecount="1" falsecount="1"/>
      <line num="58" count="1" type="stmt"/>
      <line num="62" count="20" type="stmt"/>
      <line num="63" count="20" type="stmt"/>
      <line num="64" count="20" type="stmt"/>
      <line num="65" count="20" type="stmt"/>
      <line num="66" count="20" type="stmt"/>
      <line num="67" count="20" type="stmt"/>
      <line num="72" count="20" type="cond" truecount="1" falsecount="1"/>
      <line num="73" count="20" type="cond" truecount="2" falsecount="0"/>
      <line num="74" count="20" type="cond" truecount="2" falsecount="0"/>
      <line num="75" count="20" type="stmt"/>
      <line num="76" count="20" type="stmt"/>
      <line num="77" count="20" type="stmt"/>
      <line num="78" count="20" type="stmt"/>
      <line num="79" count="20" type="stmt"/>
      <line num="80" count="20" type="stmt"/>
      <line num="83" count="20" type="stmt"/>
      <line num="84" count="7" type="stmt"/>
      <line num="98" count="20" type="stmt"/>
      <line num="99" count="1" type="cond" truecount="1" falsecount="1"/>
      <line num="100" count="1" type="stmt"/>
      <line num="105" count="20" type="stmt"/>
      <line num="106" count="7" type="stmt"/>
      <line num="114" count="7" type="stmt"/>
      <line num="117" count="7" type="stmt"/>
      <line num="118" count="1" type="stmt"/>
      <line num="119" count="1" type="stmt"/>
      <line num="121" count="0" type="stmt"/>
      <line num="126" count="20" type="stmt"/>
      <line num="127" count="6" type="stmt"/>
      <line num="128" count="6" type="stmt"/>
      <line num="129" count="6" type="stmt"/>
      <line num="131" count="6" type="stmt"/>
      <line num="132" count="6" type="cond" truecount="1" falsecount="1"/>
      <line num="136" count="6" type="stmt"/>
      <line num="140" count="6" type="stmt"/>
      <line num="143" count="5" type="stmt"/>
      <line num="146" count="1" type="cond" truecount="1" falsecount="1"/>
      <line num="147" count="1" type="stmt"/>
      <line num="151" count="20" type="stmt"/>
      <line num="152" count="7" type="cond" truecount="2" falsecount="0"/>
      <line num="153" count="5" type="stmt"/>
      <line num="157" count="20" type="stmt"/>
      <line num="159" count="1" type="cond" truecount="3" falsecount="1"/>
      <line num="160" count="0" type="stmt"/>
      <line num="163" count="1" type="stmt"/>
      <line num="164" count="1" type="stmt"/>
      <line num="165" count="1" type="stmt"/>
      <line num="166" count="1" type="stmt"/>
      <line num="167" count="1" type="stmt"/>
      <line num="168" count="1" type="stmt"/>
      <line num="171" count="2" type="stmt"/>
      <line num="172" count="2" type="cond" truecount="2" falsecount="0"/>
      <line num="173" count="1" type="stmt"/>
      <line num="174" count="1" type="stmt"/>
      <line num="179" count="0" type="stmt"/>
      <line num="183" count="0" type="cond" truecount="0" falsecount="2"/>
      <line num="184" count="0" type="stmt"/>
      <line num="186" count="1" type="stmt"/>
      <line num="192" count="20" type="stmt"/>
      <line num="193" count="1" type="cond" truecount="1" falsecount="1"/>
      <line num="194" count="1" type="stmt"/>
      <line num="198" count="20" type="stmt"/>
      <line num="200" count="1" type="cond" truecount="1" falsecount="1"/>
      <line num="201" count="1" type="cond" truecount="2" falsecount="0"/>
      <line num="202" count="1" type="stmt"/>
      <line num="203" count="1" type="stmt"/>
      <line num="204" count="1" type="stmt"/>
      <line num="210" count="20" type="stmt"/>
    </file>
    <file name="memoryTracker.ts" path="/Users/hugh/repo/react-native-litert-lm/src/memoryTracker.ts">
      <metrics statements="58" coveredstatements="56" conditionals="17" coveredconditionals="15" methods="12" coveredmethods="10"/>
      <line num="26" count="3" type="stmt"/>
      <line num="43" count="3" type="stmt"/>
      <line num="45" count="3" type="stmt"/>
      <line num="139" count="3" type="cond" truecount="0" falsecount="1"/>
      <line num="140" count="15" type="stmt"/>
      <line num="143" count="15" type="stmt"/>
      <line num="144" count="15" type="stmt"/>
      <line num="146" count="15" type="stmt"/>
      <line num="148" count="15" type="stmt"/>
      <line num="150" count="17" type="cond" truecount="2" falsecount="0"/>
      <line num="151" count="1" type="stmt"/>
      <line num="154" count="16" type="stmt"/>
      <line num="155" count="16" type="stmt"/>
      <line num="156" count="16" type="stmt"/>
      <line num="157" count="16" type="stmt"/>
      <line num="158" count="16" type="stmt"/>
      <line num="159" count="16" type="stmt"/>
      <line num="161" count="16" type="stmt"/>
      <line num="165" count="2" type="stmt"/>
      <line num="166" count="2" type="stmt"/>
      <line num="167" count="1" type="stmt"/>
      <line num="168" count="1" type="stmt"/>
      <line num="175" count="2" type="stmt"/>
      <line num="179" count="6" type="stmt"/>
      <line num="183" count="2" type="stmt"/>
      <line num="187" count="1" type="stmt"/>
      <line num="188" count="1" type="stmt"/>
      <line num="189" count="3" type="stmt"/>
      <line num="190" count="3" type="cond" truecount="2" falsecount="0"/>
      <line num="191" count="2" type="stmt"/>
      <line num="194" count="1" type="stmt"/>
      <line num="198" count="2" type="cond" truecount="2" falsecount="0"/>
      <line num="199" count="1" type="stmt"/>
      <line num="200" count="1" type="stmt"/>
      <line num="209" count="0" type="stmt"/>
      <line num="213" count="0" type="stmt"/>
      <line num="217" count="3" type="stmt"/>
      <line num="218" count="3" type="stmt"/>
      <line num="222" count="2" type="stmt"/>
      <line num="223" count="2" type="stmt"/>
      <line num="224" count="2" type="stmt"/>
      <line num="225" count="2" type="stmt"/>
      <line num="226" count="2" type="stmt"/>
      <line num="227" count="2" type="stmt"/>
      <line num="229" count="2" type="stmt"/>
      <line num="230" count="4" type="stmt"/>
      <line num="231" count="4" type="stmt"/>
      <line num="232" count="4" type="stmt"/>
      <line num="234" count="4" type="cond" truecount="2" falsecount="0"/>
      <line num="235" count="4" type="cond" truecount="2" falsecount="0"/>
      <line num="236" count="4" type="stmt"/>
      <line num="237" count="4" type="cond" truecount="2" falsecount="0"/>
      <line num="238" count="4" type="cond" truecount="2" falsecount="0"/>
      <line num="239" count="2" type="stmt"/>
      <line num="240" count="2" type="stmt"/>
      <line num="244" count="2" type="stmt"/>
      <line num="266" count="3" type="stmt"/>
      <line num="267" count="1" type="stmt"/>
    </file>
    <file name="modelFactory.ts" path="/Users/hugh/repo/react-native-litert-lm/src/modelFactory.ts">
      <metrics statements="50" coveredstatements="49" conditionals="30" coveredconditionals="27" methods="8" coveredmethods="8"/>
      <line num="1" count="2" type="stmt"/>
      <line num="3" count="2" type="stmt"/>
      <line num="28" count="2" type="stmt"/>
      <line num="32" count="16" type="stmt"/>
      <line num="34" count="16" type="cond" truecount="1" falsecount="1"/>
      <line num="35" count="16" type="cond" truecount="2" falsecount="0"/>
      <line num="42" count="16" type="stmt"/>
      <line num="43" count="7" type="cond" truecount="2" falsecount="0"/>
      <line num="44" count="6" type="stmt"/>
      <line num="45" count="6" type="stmt"/>
      <line num="46" count="6" type="stmt"/>
      <line num="57" count="16" type="stmt"/>
      <line num="62" count="9" type="stmt"/>
      <line num="65" count="9" type="cond" truecount="3" falsecount="1"/>
      <line num="66" count="9" type="cond" truecount="2" falsecount="0"/>
      <line num="67" count="1" type="stmt"/>
      <line num="75" count="8" type="stmt"/>
      <line num="76" count="8" type="stmt"/>
      <line num="77" count="8" type="cond" truecount="2" falsecount="0"/>
      <line num="78" count="1" type="stmt"/>
      <line num="81" count="7" type="stmt"/>
      <line num="82" count="7" type="stmt"/>
      <line num="86" count="7" type="stmt"/>
      <line num="89" count="7" type="stmt"/>
      <line num="92" count="7" type="stmt"/>
      <line num="95" count="6" type="cond" truecount="2" falsecount="0"/>
      <line num="96" count="2" type="stmt"/>
      <line num="97" count="2" type="stmt"/>
      <line num="100" count="6" type="stmt"/>
      <line num="103" count="16" type="stmt"/>
      <line num="110" count="16" type="stmt"/>
      <line num="112" count="35" type="cond" truecount="2" falsecount="0"/>
      <line num="113" count="19" type="stmt"/>
      <line num="115" count="16" type="cond" truecount="2" falsecount="0"/>
      <line num="116" count="9" type="stmt"/>
      <line num="119" count="7" type="stmt"/>
      <line num="120" count="7" type="cond" truecount="1" falsecount="1"/>
      <line num="121" count="0" type="stmt"/>
      <line num="124" count="7" type="cond" truecount="2" falsecount="0"/>
      <line num="125" count="2" type="stmt"/>
      <line num="126" count="2" type="stmt"/>
      <line num="127" count="4" type="stmt"/>
      <line num="128" count="4" type="cond" truecount="2" falsecount="0"/>
      <line num="129" count="2" type="stmt"/>
      <line num="135" count="5" type="cond" truecount="2" falsecount="0"/>
      <line num="136" count="3" type="stmt"/>
      <line num="137" count="3" type="stmt"/>
      <line num="138" count="3" type="stmt"/>
      <line num="139" count="3" type="stmt"/>
      <line num="143" count="2" type="stmt"/>
    </file>
  </project>
</coverage>
