{"/Users/hugh/repo/react-native-litert-lm/src/hooks.ts": {"path":"/Users/hugh/repo/react-native-litert-lm/src/hooks.ts","statementMap":{"0":{"start":{"line":58,"column":0},"end":{"line":58,"column":16}},"1":{"start":{"line":1,"column":0},"end":{"line":1,"column":74}},"2":{"start":{"line":3,"column":0},"end":{"line":3,"column":43}},"3":{"start":{"line":55,"column":2},"end":{"line":55,"column":51}},"4":{"start":{"line":62,"column":19},"end":{"line":62,"column":56}},"5":{"start":{"line":63,"column":32},"end":{"line":63,"column":47}},"6":{"start":{"line":64,"column":42},"end":{"line":64,"column":57}},"7":{"start":{"line":65,"column":50},"end":{"line":65,"column":61}},"8":{"start":{"line":66,"column":28},"end":{"line":66,"column":57}},"9":{"start":{"line":67,"column":44},"end":{"line":67,"column":87}},"10":{"start":{"line":72,"column":19},"end":{"line":72,"column":43}},"11":{"start":{"line":73,"column":31},"end":{"line":73,"column":68}},"12":{"start":{"line":74,"column":29},"end":{"line":74,"column":62}},"13":{"start":{"line":75,"column":18},"end":{"line":75,"column":33}},"14":{"start":{"line":76,"column":23},"end":{"line":76,"column":43}},"15":{"start":{"line":77,"column":20},"end":{"line":77,"column":37}},"16":{"start":{"line":78,"column":22},"end":{"line":78,"column":41}},"17":{"start":{"line":79,"column":15},"end":{"line":79,"column":27}},"18":{"start":{"line":80,"column":15},"end":{"line":80,"column":27}},"19":{"start":{"line":83,"column":23},"end":{"line":92,"column":null}},"20":{"start":{"line":84,"column":11},"end":{"line":91,"column":6}},"21":{"start":{"line":98,"column":31},"end":{"line":102,"column":8}},"22":{"start":{"line":99,"column":4},"end":{"line":101,"column":5}},"23":{"start":{"line":100,"column":6},"end":{"line":100,"column":68}},"24":{"start":{"line":105,"column":2},"end":{"line":124,"column":49}},"25":{"start":{"line":106,"column":4},"end":{"line":109,"column":7}},"26":{"start":{"line":114,"column":4},"end":{"line":114,"column":22}},"27":{"start":{"line":117,"column":4},"end":{"line":123,"column":6}},"28":{"start":{"line":118,"column":6},"end":{"line":122,"column":7}},"29":{"start":{"line":119,"column":8},"end":{"line":119,"column":34}},"30":{"start":{"line":121,"column":8},"end":{"line":121,"column":49}},"31":{"start":{"line":126,"column":15},"end":{"line":149,"column":31}},"32":{"start":{"line":127,"column":4},"end":{"line":127,"column":22}},"33":{"start":{"line":128,"column":4},"end":{"line":128,"column":19}},"34":{"start":{"line":129,"column":4},"end":{"line":129,"column":27}},"35":{"start":{"line":131,"column":4},"end":{"line":148,"column":5}},"36":{"start":{"line":132,"column":6},"end":{"line":144,"column":7}},"37":{"start":{"line":136,"column":8},"end":{"line":142,"column":10}},"38":{"start":{"line":140,"column":12},"end":{"line":140,"column":42}},"39":{"start":{"line":143,"column":8},"end":{"line":143,"column":25}},"40":{"start":{"line":146,"column":6},"end":{"line":146,"column":52}},"41":{"start":{"line":147,"column":6},"end":{"line":147,"column":23}},"42":{"start":{"line":151,"column":2},"end":{"line":155,"column":23}},"43":{"start":{"line":152,"column":4},"end":{"line":154,"column":5}},"44":{"start":{"line":153,"column":6},"end":{"line":153,"column":13}},"45":{"start":{"line":157,"column":19},"end":{"line":189,"column":null}},"46":{"start":{"line":159,"column":6},"end":{"line":161,"column":7}},"47":{"start":{"line":160,"column":8},"end":{"line":160,"column":43}},"48":{"start":{"line":163,"column":6},"end":{"line":163,"column":28}},"49":{"start":{"line":164,"column":6},"end":{"line":187,"column":7}},"50":{"start":{"line":165,"column":8},"end":{"line":181,"column":11}},"51":{"start":{"line":166,"column":29},"end":{"line":166,"column":31}},"52":{"start":{"line":167,"column":10},"end":{"line":180,"column":11}},"53":{"start":{"line":168,"column":12},"end":{"line":177,"column":28}},"54":{"start":{"line":171,"column":16},"end":{"line":171,"column":38}},"55":{"start":{"line":172,"column":16},"end":{"line":175,"column":17}},"56":{"start":{"line":173,"column":18},"end":{"line":173,"column":41}},"57":{"start":{"line":174,"column":18},"end":{"line":174,"column":40}},"58":{"start":{"line":179,"column":12},"end":{"line":179,"column":22}},"59":{"start":{"line":183,"column":8},"end":{"line":183,"column":51}},"60":{"start":{"line":184,"column":8},"end":{"line":184,"column":16}},"61":{"start":{"line":186,"column":8},"end":{"line":186,"column":31}},"62":{"start":{"line":192,"column":16},"end":{"line":196,"column":8}},"63":{"start":{"line":193,"column":4},"end":{"line":195,"column":5}},"64":{"start":{"line":194,"column":6},"end":{"line":194,"column":43}},"65":{"start":{"line":198,"column":22},"end":{"line":207,"column":null}},"66":{"start":{"line":200,"column":6},"end":{"line":205,"column":7}},"67":{"start":{"line":201,"column":29},"end":{"line":201,"column":67}},"68":{"start":{"line":202,"column":8},"end":{"line":202,"column":57}},"69":{"start":{"line":203,"column":8},"end":{"line":203,"column":26}},"70":{"start":{"line":204,"column":8},"end":{"line":204,"column":31}},"71":{"start":{"line":210,"column":2},"end":{"line":222,"column":4}}},"fnMap":{"0":{"name":"extractFileName","decl":{"start":{"line":54,"column":9},"end":{"line":54,"column":24}},"loc":{"start":{"line":54,"column":42},"end":{"line":56,"column":1}}},"1":{"name":"useModel","decl":{"start":{"line":58,"column":16},"end":{"line":58,"column":24}},"loc":{"start":{"line":60,"column":25},"end":{"line":223,"column":1}}},"2":{"name":"(anonymous_2)","decl":{"start":{"line":84,"column":4},"end":{"line":84,"column":7}},"loc":{"start":{"line":84,"column":11},"end":{"line":91,"column":6}}},"3":{"name":"(anonymous_3)","decl":{"start":{"line":98,"column":43},"end":{"line":98,"column":46}},"loc":{"start":{"line":98,"column":48},"end":{"line":102,"column":3}}},"4":{"name":"(anonymous_4)","decl":{"start":{"line":105,"column":12},"end":{"line":105,"column":15}},"loc":{"start":{"line":105,"column":17},"end":{"line":124,"column":3}}},"5":{"name":"(anonymous_5)","decl":{"start":{"line":117,"column":11},"end":{"line":117,"column":14}},"loc":{"start":{"line":117,"column":16},"end":{"line":123,"column":5}}},"6":{"name":"(anonymous_6)","decl":{"start":{"line":126,"column":27},"end":{"line":126,"column":32}},"loc":{"start":{"line":126,"column":38},"end":{"line":149,"column":3}}},"7":{"name":"(anonymous_7)","decl":{"start":{"line":139,"column":10},"end":{"line":139,"column":11}},"loc":{"start":{"line":139,"column":23},"end":{"line":141,"column":11}}},"8":{"name":"(anonymous_8)","decl":{"start":{"line":151,"column":12},"end":{"line":151,"column":15}},"loc":{"start":{"line":151,"column":17},"end":{"line":155,"column":3}}},"9":{"name":"(anonymous_9)","decl":{"start":{"line":158,"column":4},"end":{"line":158,"column":9}},"loc":{"start":{"line":158,"column":46},"end":{"line":188,"column":5}}},"10":{"name":"(anonymous_10)","decl":{"start":{"line":165,"column":35},"end":{"line":165,"column":36}},"loc":{"start":{"line":165,"column":55},"end":{"line":181,"column":9}}},"11":{"name":"(anonymous_11)","decl":{"start":{"line":170,"column":14},"end":{"line":170,"column":15}},"loc":{"start":{"line":170,"column":47},"end":{"line":176,"column":15}}},"12":{"name":"(anonymous_12)","decl":{"start":{"line":192,"column":28},"end":{"line":192,"column":31}},"loc":{"start":{"line":192,"column":33},"end":{"line":196,"column":3}}},"13":{"name":"(anonymous_13)","decl":{"start":{"line":199,"column":4},"end":{"line":199,"column":9}},"loc":{"start":{"line":199,"column":47},"end":{"line":206,"column":5}}}},"branchMap":{"0":{"loc":{"start":{"line":55,"column":9},"end":{"line":55,"column":50}},"type":"binary-expr","locations":[{"start":{"line":55,"column":9},"end":{"line":55,"column":35}},{"start":{"line":55,"column":39},"end":{"line":55,"column":50}}]},"1":{"loc":{"start":{"line":72,"column":19},"end":{"line":72,"column":43}},"type":"binary-expr","locations":[{"start":{"line":72,"column":19},"end":{"line":72,"column":35}},{"start":{"line":72,"column":39},"end":{"line":72,"column":43}}]},"2":{"loc":{"start":{"line":73,"column":31},"end":{"line":73,"column":68}},"type":"binary-expr","locations":[{"start":{"line":73,"column":31},"end":{"line":73,"column":59}},{"start":{"line":73,"column":63},"end":{"line":73,"column":68}}]},"3":{"loc":{"start":{"line":74,"column":29},"end":{"line":74,"column":62}},"type":"binary-expr","locations":[{"start":{"line":74,"column":29},"end":{"line":74,"column":55}},{"start":{"line":74,"column":59},"end":{"line":74,"column":62}}]},"4":{"loc":{"start":{"line":85,"column":10},"end":{"line":85,"column":46}},"type":"binary-expr","locations":[{"start":{"line":85,"column":10},"end":{"line":85,"column":31}},{"start":{"line":85,"column":35},"end":{"line":85,"column":46}}]},"5":{"loc":{"start":{"line":86,"column":10},"end":{"line":86,"column":56}},"type":"binary-expr","locations":[{"start":{"line":86,"column":10},"end":{"line":86,"column":36}},{"start":{"line":86,"column":40},"end":{"line":86,"column":56}}]},"6":{"loc":{"start":{"line":87,"column":10},"end":{"line":87,"column":50}},"type":"binary-expr","locations":[{"start":{"line":87,"column":10},"end":{"line":87,"column":33}},{"start":{"line":87,"column":37},"end":{"line":87,"column":50}}]},"7":{"loc":{"start":{"line":88,"column":10},"end":{"line":88,"column":54}},"type":"binary-expr","locations":[{"start":{"line":88,"column":10},"end":{"line":88,"column":35}},{"start":{"line":88,"column":39},"end":{"line":88,"column":54}}]},"8":{"loc":{"start":{"line":89,"column":10},"end":{"line":89,"column":40}},"type":"binary-expr","locations":[{"start":{"line":89,"column":10},"end":{"line":89,"column":28}},{"start":{"line":89,"column":32},"end":{"line":89,"column":40}}]},"9":{"loc":{"start":{"line":90,"column":10},"end":{"line":90,"column":40}},"type":"binary-expr","locations":[{"start":{"line":90,"column":10},"end":{"line":90,"column":28}},{"start":{"line":90,"column":32},"end":{"line":90,"column":40}}]},"10":{"loc":{"start":{"line":99,"column":4},"end":{"line":101,"column":5}},"type":"if","locations":[{"start":{"line":99,"column":4},"end":{"line":101,"column":5}},{"start":{},"end":{}}]},"11":{"loc":{"start":{"line":132,"column":6},"end":{"line":144,"column":7}},"type":"if","locations":[{"start":{"line":132,"column":6},"end":{"line":144,"column":7}},{"start":{},"end":{}}]},"12":{"loc":{"start":{"line":146,"column":15},"end":{"line":146,"column":50}},"type":"binary-expr","locations":[{"start":{"line":146,"column":15},"end":{"line":146,"column":24}},{"start":{"line":146,"column":28},"end":{"line":146,"column":50}}]},"13":{"loc":{"start":{"line":152,"column":4},"end":{"line":154,"column":5}},"type":"if","locations":[{"start":{"line":152,"column":4},"end":{"line":154,"column":5}},{"start":{},"end":{}}]},"14":{"loc":{"start":{"line":159,"column":6},"end":{"line":161,"column":7}},"type":"if","locations":[{"start":{"line":159,"column":6},"end":{"line":161,"column":7}},{"start":{},"end":{}}]},"15":{"loc":{"start":{"line":159,"column":10},"end":{"line":159,"column":39}},"type":"binary-expr","locations":[{"start":{"line":159,"column":10},"end":{"line":159,"column":27}},{"start":{"line":159,"column":31},"end":{"line":159,"column":39}}]},"16":{"loc":{"start":{"line":172,"column":16},"end":{"line":175,"column":17}},"type":"if","locations":[{"start":{"line":172,"column":16},"end":{"line":175,"column":17}},{"start":{},"end":{}}]},"17":{"loc":{"start":{"line":183,"column":17},"end":{"line":183,"column":49}},"type":"binary-expr","locations":[{"start":{"line":183,"column":17},"end":{"line":183,"column":26}},{"start":{"line":183,"column":30},"end":{"line":183,"column":49}}]},"18":{"loc":{"start":{"line":193,"column":4},"end":{"line":195,"column":5}},"type":"if","locations":[{"start":{"line":193,"column":4},"end":{"line":195,"column":5}},{"start":{},"end":{}}]},"19":{"loc":{"start":{"line":200,"column":6},"end":{"line":205,"column":7}},"type":"if","locations":[{"start":{"line":200,"column":6},"end":{"line":205,"column":7}},{"start":{},"end":{}}]},"20":{"loc":{"start":{"line":201,"column":29},"end":{"line":201,"column":67}},"type":"binary-expr","locations":[{"start":{"line":201,"column":29},"end":{"line":201,"column":37}},{"start":{"line":201,"column":41},"end":{"line":201,"column":67}}]},"21":{"loc":{"start":{"line":220,"column":19},"end":{"line":220,"column":58}},"type":"binary-expr","locations":[{"start":{"line":220,"column":19},"end":{"line":220,"column":50}},{"start":{"line":220,"column":54},"end":{"line":220,"column":58}}]}},"s":{"0":1,"1":1,"2":1,"3":1,"4":20,"5":20,"6":20,"7":20,"8":20,"9":20,"10":20,"11":20,"12":20,"13":20,"14":20,"15":20,"16":20,"17":20,"18":20,"19":20,"20":7,"21":20,"22":1,"23":1,"24":20,"25":7,"26":7,"27":7,"28":1,"29":1,"30":0,"31":20,"32":6,"33":6,"34":6,"35":6,"36":6,"37":6,"38":6,"39":5,"40":1,"41":1,"42":20,"43":7,"44":5,"45":20,"46":1,"47":0,"48":1,"49":1,"50":1,"51":1,"52":1,"53":1,"54":2,"55":2,"56":1,"57":1,"58":0,"59":0,"60":0,"61":1,"62":20,"63":1,"64":1,"65":20,"66":1,"67":1,"68":1,"69":1,"70":1,"71":20},"f":{"0":1,"1":20,"2":7,"3":1,"4":7,"5":1,"6":6,"7":6,"8":7,"9":1,"10":1,"11":2,"12":1,"13":1},"b":{"0":[1,0],"1":[20,0],"2":[20,16],"3":[20,20],"4":[7,0],"5":[7,0],"6":[7,0],"7":[7,0],"8":[7,0],"9":[7,0],"10":[1,0],"11":[6,0],"12":[1,0],"13":[5,2],"14":[0,1],"15":[1,1],"16":[1,1],"17":[0,0],"18":[1,0],"19":[1,0],"20":[1,1],"21":[20,17]}}
,"/Users/hugh/repo/react-native-litert-lm/src/memoryTracker.ts": {"path":"/Users/hugh/repo/react-native-litert-lm/src/memoryTracker.ts","statementMap":{"0":{"start":{"line":139,"column":0},"end":{"line":139,"column":16}},"1":{"start":{"line":266,"column":0},"end":{"line":266,"column":16}},"2":{"start":{"line":26,"column":0},"end":{"line":26,"column":58}},"3":{"start":{"line":43,"column":28},"end":{"line":43,"column":29}},"4":{"start":{"line":45,"column":24},"end":{"line":45,"column":54}},"5":{"start":{"line":140,"column":21},"end":{"line":140,"column":73}},"6":{"start":{"line":143,"column":23},"end":{"line":143,"column":71}},"7":{"start":{"line":144,"column":15},"end":{"line":144,"column":45}},"8":{"start":{"line":146,"column":21},"end":{"line":146,"column":22}},"9":{"start":{"line":148,"column":2},"end":{"line":255,"column":4}},"10":{"start":{"line":150,"column":6},"end":{"line":152,"column":7}},"11":{"start":{"line":151,"column":8},"end":{"line":151,"column":21}},"12":{"start":{"line":154,"column":21},"end":{"line":154,"column":55}},"13":{"start":{"line":155,"column":6},"end":{"line":155,"column":40}},"14":{"start":{"line":156,"column":6},"end":{"line":156,"column":50}},"15":{"start":{"line":157,"column":6},"end":{"line":157,"column":48}},"16":{"start":{"line":158,"column":6},"end":{"line":158,"column":55}},"17":{"start":{"line":159,"column":6},"end":{"line":159,"column":21}},"18":{"start":{"line":161,"column":6},"end":{"line":161,"column":18}},"19":{"start":{"line":165,"column":42},"end":{"line":165,"column":44}},"20":{"start":{"line":166,"column":6},"end":{"line":174,"column":7}},"21":{"start":{"line":166,"column":19},"end":{"line":166,"column":20}},"22":{"start":{"line":167,"column":23},"end":{"line":167,"column":46}},"23":{"start":{"line":168,"column":8},"end":{"line":173,"column":11}},"24":{"start":{"line":175,"column":6},"end":{"line":175,"column":23}},"25":{"start":{"line":179,"column":6},"end":{"line":179,"column":26}},"26":{"start":{"line":183,"column":6},"end":{"line":183,"column":26}},"27":{"start":{"line":187,"column":17},"end":{"line":187,"column":18}},"28":{"start":{"line":188,"column":6},"end":{"line":193,"column":7}},"29":{"start":{"line":188,"column":19},"end":{"line":188,"column":20}},"30":{"start":{"line":189,"column":20},"end":{"line":189,"column":54}},"31":{"start":{"line":190,"column":8},"end":{"line":192,"column":9}},"32":{"start":{"line":191,"column":10},"end":{"line":191,"column":21}},"33":{"start":{"line":194,"column":6},"end":{"line":194,"column":18}},"34":{"start":{"line":198,"column":6},"end":{"line":198,"column":47}},"35":{"start":{"line":198,"column":30},"end":{"line":198,"column":47}},"36":{"start":{"line":199,"column":21},"end":{"line":199,"column":61}},"37":{"start":{"line":200,"column":6},"end":{"line":205,"column":8}},"38":{"start":{"line":209,"column":6},"end":{"line":209,"column":26}},"39":{"start":{"line":213,"column":6},"end":{"line":213,"column":18}},"40":{"start":{"line":217,"column":6},"end":{"line":217,"column":19}},"41":{"start":{"line":218,"column":6},"end":{"line":218,"column":23}},"42":{"start":{"line":222,"column":20},"end":{"line":222,"column":21}},"43":{"start":{"line":223,"column":21},"end":{"line":223,"column":22}},"44":{"start":{"line":224,"column":19},"end":{"line":224,"column":20}},"45":{"start":{"line":225,"column":21},"end":{"line":225,"column":22}},"46":{"start":{"line":226,"column":20},"end":{"line":226,"column":21}},"47":{"start":{"line":227,"column":21},"end":{"line":227,"column":22}},"48":{"start":{"line":229,"column":6},"end":{"line":242,"column":7}},"49":{"start":{"line":229,"column":19},"end":{"line":229,"column":20}},"50":{"start":{"line":230,"column":23},"end":{"line":230,"column":46}},"51":{"start":{"line":231,"column":21},"end":{"line":231,"column":38}},"52":{"start":{"line":232,"column":20},"end":{"line":232,"column":37}},"53":{"start":{"line":234,"column":8},"end":{"line":234,"column":41}},"54":{"start":{"line":234,"column":27},"end":{"line":234,"column":41}},"55":{"start":{"line":235,"column":8},"end":{"line":235,"column":45}},"56":{"start":{"line":235,"column":29},"end":{"line":235,"column":45}},"57":{"start":{"line":236,"column":8},"end":{"line":236,"column":22}},"58":{"start":{"line":237,"column":8},"end":{"line":237,"column":36}},"59":{"start":{"line":237,"column":21},"end":{"line":237,"column":36}},"60":{"start":{"line":238,"column":8},"end":{"line":241,"column":9}},"61":{"start":{"line":239,"column":10},"end":{"line":239,"column":24}},"62":{"start":{"line":240,"column":10},"end":{"line":240,"column":26}},"63":{"start":{"line":244,"column":6},"end":{"line":253,"column":8}},"64":{"start":{"line":267,"column":2},"end":{"line":267,"column":52}}},"fnMap":{"0":{"name":"createMemoryTracker","decl":{"start":{"line":139,"column":16},"end":{"line":139,"column":35}},"loc":{"start":{"line":139,"column":62},"end":{"line":256,"column":1}}},"1":{"name":"(anonymous_1)","decl":{"start":{"line":149,"column":4},"end":{"line":149,"column":10}},"loc":{"start":{"line":149,"column":35},"end":{"line":162,"column":5}}},"2":{"name":"(anonymous_2)","decl":{"start":{"line":164,"column":4},"end":{"line":164,"column":16}},"loc":{"start":{"line":164,"column":16},"end":{"line":176,"column":5}}},"3":{"name":"(anonymous_3)","decl":{"start":{"line":178,"column":4},"end":{"line":178,"column":20}},"loc":{"start":{"line":178,"column":20},"end":{"line":180,"column":5}}},"4":{"name":"(anonymous_4)","decl":{"start":{"line":182,"column":4},"end":{"line":182,"column":15}},"loc":{"start":{"line":182,"column":15},"end":{"line":184,"column":5}}},"5":{"name":"(anonymous_5)","decl":{"start":{"line":186,"column":4},"end":{"line":186,"column":17}},"loc":{"start":{"line":186,"column":17},"end":{"line":195,"column":5}}},"6":{"name":"(anonymous_6)","decl":{"start":{"line":197,"column":4},"end":{"line":197,"column":21}},"loc":{"start":{"line":197,"column":21},"end":{"line":206,"column":5}}},"7":{"name":"(anonymous_7)","decl":{"start":{"line":208,"column":4},"end":{"line":208,"column":19}},"loc":{"start":{"line":208,"column":19},"end":{"line":210,"column":5}}},"8":{"name":"(anonymous_8)","decl":{"start":{"line":212,"column":4},"end":{"line":212,"column":11}},"loc":{"start":{"line":212,"column":11},"end":{"line":214,"column":5}}},"9":{"name":"(anonymous_9)","decl":{"start":{"line":216,"column":4},"end":{"line":216,"column":9}},"loc":{"start":{"line":216,"column":9},"end":{"line":219,"column":5}}},"10":{"name":"(anonymous_10)","decl":{"start":{"line":221,"column":4},"end":{"line":221,"column":14}},"loc":{"start":{"line":221,"column":14},"end":{"line":254,"column":5}}},"11":{"name":"createNativeBuffer","decl":{"start":{"line":266,"column":16},"end":{"line":266,"column":34}},"loc":{"start":{"line":266,"column":47},"end":{"line":268,"column":1}}}},"branchMap":{"0":{"loc":{"start":{"line":139,"column":36},"end":{"line":139,"column":62}},"type":"default-arg","locations":[{"start":{"line":139,"column":59},"end":{"line":139,"column":62}}]},"1":{"loc":{"start":{"line":150,"column":6},"end":{"line":152,"column":7}},"type":"if","locations":[{"start":{"line":150,"column":6},"end":{"line":152,"column":7}},{"start":{},"end":{}}]},"2":{"loc":{"start":{"line":190,"column":8},"end":{"line":192,"column":9}},"type":"if","locations":[{"start":{"line":190,"column":8},"end":{"line":192,"column":9}},{"start":{},"end":{}}]},"3":{"loc":{"start":{"line":198,"column":6},"end":{"line":198,"column":47}},"type":"if","locations":[{"start":{"line":198,"column":6},"end":{"line":198,"column":47}},{"start":{},"end":{}}]},"4":{"loc":{"start":{"line":234,"column":8},"end":{"line":234,"column":41}},"type":"if","locations":[{"start":{"line":234,"column":8},"end":{"line":234,"column":41}},{"start":{},"end":{}}]},"5":{"loc":{"start":{"line":235,"column":8},"end":{"line":235,"column":45}},"type":"if","locations":[{"start":{"line":235,"column":8},"end":{"line":235,"column":45}},{"start":{},"end":{}}]},"6":{"loc":{"start":{"line":237,"column":8},"end":{"line":237,"column":36}},"type":"if","locations":[{"start":{"line":237,"column":8},"end":{"line":237,"column":36}},{"start":{},"end":{}}]},"7":{"loc":{"start":{"line":238,"column":8},"end":{"line":241,"column":9}},"type":"if","locations":[{"start":{"line":238,"column":8},"end":{"line":241,"column":9}},{"start":{},"end":{}}]},"8":{"loc":{"start":{"line":247,"column":30},"end":{"line":247,"column":74}},"type":"cond-expr","locations":[{"start":{"line":247,"column":49},"end":{"line":247,"column":70}},{"start":{"line":247,"column":73},"end":{"line":247,"column":74}}]}},"s":{"0":3,"1":3,"2":3,"3":3,"4":3,"5":15,"6":15,"7":15,"8":15,"9":15,"10":17,"11":1,"12":16,"13":16,"14":16,"15":16,"16":16,"17":16,"18":16,"19":2,"20":2,"21":2,"22":1,"23":1,"24":2,"25":6,"26":2,"27":1,"28":1,"29":1,"30":3,"31":3,"32":2,"33":1,"34":2,"35":1,"36":1,"37":1,"38":0,"39":0,"40":3,"41":3,"42":2,"43":2,"44":2,"45":2,"46":2,"47":2,"48":2,"49":2,"50":4,"51":4,"52":4,"53":4,"54":3,"55":4,"56":3,"57":4,"58":4,"59":2,"60":4,"61":2,"62":2,"63":2,"64":1},"f":{"0":15,"1":17,"2":2,"3":6,"4":2,"5":1,"6":2,"7":0,"8":0,"9":3,"10":2,"11":1},"b":{"0":[0],"1":[1,16],"2":[2,1],"3":[1,1],"4":[3,1],"5":[3,1],"6":[2,2],"7":[2,2],"8":[2,0]}}
,"/Users/hugh/repo/react-native-litert-lm/src/modelFactory.ts": {"path":"/Users/hugh/repo/react-native-litert-lm/src/modelFactory.ts","statementMap":{"0":{"start":{"line":28,"column":0},"end":{"line":28,"column":16}},"1":{"start":{"line":1,"column":0},"end":{"line":1,"column":58}},"2":{"start":{"line":3,"column":0},"end":{"line":3,"column":69}},"3":{"start":{"line":32,"column":17},"end":{"line":32,"column":70}},"4":{"start":{"line":34,"column":25},"end":{"line":34,"column":63}},"5":{"start":{"line":35,"column":18},"end":{"line":37,"column":15}},"6":{"start":{"line":42,"column":31},"end":{"line":55,"column":3}},"7":{"start":{"line":43,"column":4},"end":{"line":43,"column":25}},"8":{"start":{"line":43,"column":18},"end":{"line":43,"column":25}},"9":{"start":{"line":44,"column":4},"end":{"line":54,"column":5}},"10":{"start":{"line":45,"column":20},"end":{"line":45,"column":43}},"11":{"start":{"line":46,"column":6},"end":{"line":51,"column":9}},"12":{"start":{"line":57,"column":29},"end":{"line":101,"column":3}},"13":{"start":{"line":62,"column":20},"end":{"line":62,"column":29}},"14":{"start":{"line":65,"column":4},"end":{"line":90,"column":5}},"15":{"start":{"line":66,"column":6},"end":{"line":72,"column":7}},"16":{"start":{"line":67,"column":8},"end":{"line":71,"column":10}},"17":{"start":{"line":75,"column":30},"end":{"line":75,"column":53}},"18":{"start":{"line":76,"column":23},"end":{"line":76,"column":55}},"19":{"start":{"line":77,"column":6},"end":{"line":79,"column":7}},"20":{"start":{"line":78,"column":8},"end":{"line":78,"column":59}},"21":{"start":{"line":81,"column":6},"end":{"line":81,"column":55}},"22":{"start":{"line":82,"column":6},"end":{"line":88,"column":8}},"23":{"start":{"line":86,"column":10},"end":{"line":86,"column":41}},"24":{"start":{"line":89,"column":6},"end":{"line":89,"column":55}},"25":{"start":{"line":92,"column":19},"end":{"line":92,"column":60}},"26":{"start":{"line":95,"column":4},"end":{"line":98,"column":5}},"27":{"start":{"line":96,"column":6},"end":{"line":96,"column":22}},"28":{"start":{"line":97,"column":6},"end":{"line":97,"column":29}},"29":{"start":{"line":100,"column":4},"end":{"line":100,"column":18}},"30":{"start":{"line":103,"column":28},"end":{"line":108,"column":4}},"31":{"start":{"line":110,"column":2},"end":{"line":145,"column":36}},"32":{"start":{"line":112,"column":6},"end":{"line":114,"column":7}},"33":{"start":{"line":113,"column":8},"end":{"line":113,"column":23}},"34":{"start":{"line":115,"column":6},"end":{"line":117,"column":7}},"35":{"start":{"line":116,"column":8},"end":{"line":116,"column":34}},"36":{"start":{"line":119,"column":23},"end":{"line":119,"column":58}},"37":{"start":{"line":120,"column":6},"end":{"line":122,"column":7}},"38":{"start":{"line":121,"column":8},"end":{"line":121,"column":24}},"39":{"start":{"line":124,"column":6},"end":{"line":133,"column":7}},"40":{"start":{"line":125,"column":8},"end":{"line":132,"column":10}},"41":{"start":{"line":126,"column":10},"end":{"line":131,"column":13}},"42":{"start":{"line":127,"column":12},"end":{"line":127,"column":33}},"43":{"start":{"line":128,"column":12},"end":{"line":130,"column":13}},"44":{"start":{"line":129,"column":14},"end":{"line":129,"column":37}},"45":{"start":{"line":135,"column":6},"end":{"line":141,"column":7}},"46":{"start":{"line":136,"column":8},"end":{"line":140,"column":10}},"47":{"start":{"line":137,"column":25},"end":{"line":137,"column":59}},"48":{"start":{"line":138,"column":10},"end":{"line":138,"column":33}},"49":{"start":{"line":139,"column":10},"end":{"line":139,"column":24}},"50":{"start":{"line":143,"column":6},"end":{"line":143,"column":35}}},"fnMap":{"0":{"name":"createLLM","decl":{"start":{"line":28,"column":16},"end":{"line":28,"column":25}},"loc":{"start":{"line":31,"column":1},"end":{"line":146,"column":1}}},"1":{"name":"(anonymous_1)","decl":{"start":{"line":42,"column":31},"end":{"line":42,"column":34}},"loc":{"start":{"line":42,"column":36},"end":{"line":55,"column":3}}},"2":{"name":"(anonymous_2)","decl":{"start":{"line":57,"column":29},"end":{"line":57,"column":34}},"loc":{"start":{"line":61,"column":6},"end":{"line":101,"column":3}}},"3":{"name":"(anonymous_3)","decl":{"start":{"line":85,"column":8},"end":{"line":85,"column":9}},"loc":{"start":{"line":85,"column":21},"end":{"line":87,"column":9}}},"4":{"name":"(anonymous_4)","decl":{"start":{"line":111,"column":4},"end":{"line":111,"column":7}},"loc":{"start":{"line":111,"column":30},"end":{"line":144,"column":5}}},"5":{"name":"(anonymous_5)","decl":{"start":{"line":125,"column":15},"end":{"line":125,"column":16}},"loc":{"start":{"line":125,"column":84},"end":{"line":132,"column":9}}},"6":{"name":"(anonymous_6)","decl":{"start":{"line":126,"column":48},"end":{"line":126,"column":49}},"loc":{"start":{"line":126,"column":81},"end":{"line":131,"column":11}}},"7":{"name":"(anonymous_7)","decl":{"start":{"line":136,"column":15},"end":{"line":136,"column":20}},"loc":{"start":{"line":136,"column":40},"end":{"line":140,"column":9}}}},"branchMap":{"0":{"loc":{"start":{"line":34,"column":25},"end":{"line":34,"column":63}},"type":"binary-expr","locations":[{"start":{"line":34,"column":25},"end":{"line":34,"column":54}},{"start":{"line":34,"column":58},"end":{"line":34,"column":63}}]},"1":{"loc":{"start":{"line":35,"column":18},"end":{"line":37,"column":15}},"type":"cond-expr","locations":[{"start":{"line":36,"column":6},"end":{"line":36,"column":61}},{"start":{"line":37,"column":6},"end":{"line":37,"column":15}}]},"2":{"loc":{"start":{"line":36,"column":26},"end":{"line":36,"column":60}},"type":"binary-expr","locations":[{"start":{"line":36,"column":26},"end":{"line":36,"column":53}},{"start":{"line":36,"column":57},"end":{"line":36,"column":60}}]},"3":{"loc":{"start":{"line":43,"column":4},"end":{"line":43,"column":25}},"type":"if","locations":[{"start":{"line":43,"column":4},"end":{"line":43,"column":25}},{"start":{},"end":{}}]},"4":{"loc":{"start":{"line":65,"column":4},"end":{"line":90,"column":5}},"type":"if","locations":[{"start":{"line":65,"column":4},"end":{"line":90,"column":5}},{"start":{},"end":{}}]},"5":{"loc":{"start":{"line":65,"column":8},"end":{"line":65,"column":75}},"type":"binary-expr","locations":[{"start":{"line":65,"column":8},"end":{"line":65,"column":39}},{"start":{"line":65,"column":43},"end":{"line":65,"column":75}}]},"6":{"loc":{"start":{"line":66,"column":6},"end":{"line":72,"column":7}},"type":"if","locations":[{"start":{"line":66,"column":6},"end":{"line":72,"column":7}},{"start":{},"end":{}}]},"7":{"loc":{"start":{"line":77,"column":6},"end":{"line":79,"column":7}},"type":"if","locations":[{"start":{"line":77,"column":6},"end":{"line":79,"column":7}},{"start":{},"end":{}}]},"8":{"loc":{"start":{"line":95,"column":4},"end":{"line":98,"column":5}},"type":"if","locations":[{"start":{"line":95,"column":4},"end":{"line":98,"column":5}},{"start":{},"end":{}}]},"9":{"loc":{"start":{"line":112,"column":6},"end":{"line":114,"column":7}},"type":"if","locations":[{"start":{"line":112,"column":6},"end":{"line":114,"column":7}},{"start":{},"end":{}}]},"10":{"loc":{"start":{"line":115,"column":6},"end":{"line":117,"column":7}},"type":"if","locations":[{"start":{"line":115,"column":6},"end":{"line":117,"column":7}},{"start":{},"end":{}}]},"11":{"loc":{"start":{"line":120,"column":6},"end":{"line":122,"column":7}},"type":"if","locations":[{"start":{"line":120,"column":6},"end":{"line":122,"column":7}},{"start":{},"end":{}}]},"12":{"loc":{"start":{"line":124,"column":6},"end":{"line":133,"column":7}},"type":"if","locations":[{"start":{"line":124,"column":6},"end":{"line":133,"column":7}},{"start":{},"end":{}}]},"13":{"loc":{"start":{"line":128,"column":12},"end":{"line":130,"column":13}},"type":"if","locations":[{"start":{"line":128,"column":12},"end":{"line":130,"column":13}},{"start":{},"end":{}}]},"14":{"loc":{"start":{"line":135,"column":6},"end":{"line":141,"column":7}},"type":"if","locations":[{"start":{"line":135,"column":6},"end":{"line":141,"column":7}},{"start":{},"end":{}}]}},"s":{"0":2,"1":2,"2":2,"3":16,"4":16,"5":16,"6":16,"7":7,"8":1,"9":6,"10":6,"11":6,"12":16,"13":9,"14":9,"15":9,"16":1,"17":8,"18":8,"19":8,"20":1,"21":7,"22":7,"23":7,"24":7,"25":7,"26":6,"27":2,"28":2,"29":6,"30":16,"31":16,"32":35,"33":19,"34":16,"35":9,"36":7,"37":7,"38":0,"39":7,"40":2,"41":2,"42":4,"43":4,"44":2,"45":5,"46":3,"47":3,"48":3,"49":3,"50":2},"f":{"0":16,"1":7,"2":9,"3":7,"4":35,"5":2,"6":4,"7":3},"b":{"0":[16,0],"1":[9,7],"2":[9,8],"3":[1,6],"4":[9,0],"5":[9,8],"6":[1,8],"7":[1,7],"8":[2,4],"9":[19,16],"10":[9,7],"11":[0,7],"12":[2,5],"13":[2,2],"14":[3,2]}}
}
