TN:
SF:src/hooks.ts
FN:54,extractFileName
FN:58,useModel
FN:84,(anonymous_2)
FN:98,(anonymous_3)
FN:105,(anonymous_4)
FN:117,(anonymous_5)
FN:126,(anonymous_6)
FN:139,(anonymous_7)
FN:151,(anonymous_8)
FN:158,(anonymous_9)
FN:165,(anonymous_10)
FN:170,(anonymous_11)
FN:192,(anonymous_12)
FN:199,(anonymous_13)
FNF:14
FNH:14
FNDA:1,extractFileName
FNDA:20,useModel
FNDA:7,(anonymous_2)
FNDA:1,(anonymous_3)
FNDA:7,(anonymous_4)
FNDA:1,(anonymous_5)
FNDA:6,(anonymous_6)
FNDA:6,(anonymous_7)
FNDA:7,(anonymous_8)
FNDA:1,(anonymous_9)
FNDA:1,(anonymous_10)
FNDA:2,(anonymous_11)
FNDA:1,(anonymous_12)
FNDA:1,(anonymous_13)
DA:1,1
DA:3,1
DA:55,1
DA:58,1
DA:62,20
DA:63,20
DA:64,20
DA:65,20
DA:66,20
DA:67,20
DA:72,20
DA:73,20
DA:74,20
DA:75,20
DA:76,20
DA:77,20
DA:78,20
DA:79,20
DA:80,20
DA:83,20
DA:84,7
DA:98,20
DA:99,1
DA:100,1
DA:105,20
DA:106,7
DA:114,7
DA:117,7
DA:118,1
DA:119,1
DA:121,0
DA:126,20
DA:127,6
DA:128,6
DA:129,6
DA:131,6
DA:132,6
DA:136,6
DA:140,6
DA:143,5
DA:146,1
DA:147,1
DA:151,20
DA:152,7
DA:153,5
DA:157,20
DA:159,1
DA:160,0
DA:163,1
DA:164,1
DA:165,1
DA:166,1
DA:167,1
DA:168,1
DA:171,2
DA:172,2
DA:173,1
DA:174,1
DA:179,0
DA:183,0
DA:184,0
DA:186,1
DA:192,20
DA:193,1
DA:194,1
DA:198,20
DA:200,1
DA:201,1
DA:202,1
DA:203,1
DA:204,1
DA:210,20
LF:72
LH:67
BRDA:55,0,0,1
BRDA:55,0,1,0
BRDA:72,1,0,20
BRDA:72,1,1,0
BRDA:73,2,0,20
BRDA:73,2,1,16
BRDA:74,3,0,20
BRDA:74,3,1,20
BRDA:85,4,0,7
BRDA:85,4,1,0
BRDA:86,5,0,7
BRDA:86,5,1,0
BRDA:87,6,0,7
BRDA:87,6,1,0
BRDA:88,7,0,7
BRDA:88,7,1,0
BRDA:89,8,0,7
BRDA:89,8,1,0
BRDA:90,9,0,7
BRDA:90,9,1,0
BRDA:99,10,0,1
BRDA:99,10,1,0
BRDA:132,11,0,6
BRDA:132,11,1,0
BRDA:146,12,0,1
BRDA:146,12,1,0
BRDA:152,13,0,5
BRDA:152,13,1,2
BRDA:159,14,0,0
BRDA:159,14,1,1
BRDA:159,15,0,1
BRDA:159,15,1,1
BRDA:172,16,0,1
BRDA:172,16,1,1
BRDA:183,17,0,0
BRDA:183,17,1,0
BRDA:193,18,0,1
BRDA:193,18,1,0
BRDA:200,19,0,1
BRDA:200,19,1,0
BRDA:201,20,0,1
BRDA:201,20,1,1
BRDA:220,21,0,20
BRDA:220,21,1,17
BRF:44
BRH:28
end_of_record
TN:
SF:src/memoryTracker.ts
FN:139,createMemoryTracker
FN:149,(anonymous_1)
FN:164,(anonymous_2)
FN:178,(anonymous_3)
FN:182,(anonymous_4)
FN:186,(anonymous_5)
FN:197,(anonymous_6)
FN:208,(anonymous_7)
FN:212,(anonymous_8)
FN:216,(anonymous_9)
FN:221,(anonymous_10)
FN:266,createNativeBuffer
FNF:12
FNH:10
FNDA:15,createMemoryTracker
FNDA:17,(anonymous_1)
FNDA:2,(anonymous_2)
FNDA:6,(anonymous_3)
FNDA:2,(anonymous_4)
FNDA:1,(anonymous_5)
FNDA:2,(anonymous_6)
FNDA:0,(anonymous_7)
FNDA:0,(anonymous_8)
FNDA:3,(anonymous_9)
FNDA:2,(anonymous_10)
FNDA:1,createNativeBuffer
DA:26,3
DA:43,3
DA:45,3
DA:139,3
DA:140,15
DA:143,15
DA:144,15
DA:146,15
DA:148,15
DA:150,17
DA:151,1
DA:154,16
DA:155,16
DA:156,16
DA:157,16
DA:158,16
DA:159,16
DA:161,16
DA:165,2
DA:166,2
DA:167,1
DA:168,1
DA:175,2
DA:179,6
DA:183,2
DA:187,1
DA:188,1
DA:189,3
DA:190,3
DA:191,2
DA:194,1
DA:198,2
DA:199,1
DA:200,1
DA:209,0
DA:213,0
DA:217,3
DA:218,3
DA:222,2
DA:223,2
DA:224,2
DA:225,2
DA:226,2
DA:227,2
DA:229,2
DA:230,4
DA:231,4
DA:232,4
DA:234,4
DA:235,4
DA:236,4
DA:237,4
DA:238,4
DA:239,2
DA:240,2
DA:244,2
DA:266,3
DA:267,1
LF:58
LH:56
BRDA:139,0,0,0
BRDA:150,1,0,1
BRDA:150,1,1,16
BRDA:190,2,0,2
BRDA:190,2,1,1
BRDA:198,3,0,1
BRDA:198,3,1,1
BRDA:234,4,0,3
BRDA:234,4,1,1
BRDA:235,5,0,3
BRDA:235,5,1,1
BRDA:237,6,0,2
BRDA:237,6,1,2
BRDA:238,7,0,2
BRDA:238,7,1,2
BRDA:247,8,0,2
BRDA:247,8,1,0
BRF:17
BRH:15
end_of_record
TN:
SF:src/modelFactory.ts
FN:28,createLLM
FN:42,(anonymous_1)
FN:57,(anonymous_2)
FN:85,(anonymous_3)
FN:111,(anonymous_4)
FN:125,(anonymous_5)
FN:126,(anonymous_6)
FN:136,(anonymous_7)
FNF:8
FNH:8
FNDA:16,createLLM
FNDA:7,(anonymous_1)
FNDA:9,(anonymous_2)
FNDA:7,(anonymous_3)
FNDA:35,(anonymous_4)
FNDA:2,(anonymous_5)
FNDA:4,(anonymous_6)
FNDA:3,(anonymous_7)
DA:1,2
DA:3,2
DA:28,2
DA:32,16
DA:34,16
DA:35,16
DA:42,16
DA:43,7
DA:44,6
DA:45,6
DA:46,6
DA:57,16
DA:62,9
DA:65,9
DA:66,9
DA:67,1
DA:75,8
DA:76,8
DA:77,8
DA:78,1
DA:81,7
DA:82,7
DA:86,7
DA:89,7
DA:92,7
DA:95,6
DA:96,2
DA:97,2
DA:100,6
DA:103,16
DA:110,16
DA:112,35
DA:113,19
DA:115,16
DA:116,9
DA:119,7
DA:120,7
DA:121,0
DA:124,7
DA:125,2
DA:126,2
DA:127,4
DA:128,4
DA:129,2
DA:135,5
DA:136,3
DA:137,3
DA:138,3
DA:139,3
DA:143,2
LF:50
LH:49
BRDA:34,0,0,16
BRDA:34,0,1,0
BRDA:35,1,0,9
BRDA:35,1,1,7
BRDA:36,2,0,9
BRDA:36,2,1,8
BRDA:43,3,0,1
BRDA:43,3,1,6
BRDA:65,4,0,9
BRDA:65,4,1,0
BRDA:65,5,0,9
BRDA:65,5,1,8
BRDA:66,6,0,1
BRDA:66,6,1,8
BRDA:77,7,0,1
BRDA:77,7,1,7
BRDA:95,8,0,2
BRDA:95,8,1,4
BRDA:112,9,0,19
BRDA:112,9,1,16
BRDA:115,10,0,9
BRDA:115,10,1,7
BRDA:120,11,0,0
BRDA:120,11,1,7
BRDA:124,12,0,2
BRDA:124,12,1,5
BRDA:128,13,0,2
BRDA:128,13,1,2
BRDA:135,14,0,3
BRDA:135,14,1,2
BRF:30
BRH:27
end_of_record
